android/app/build/intermediates/manifest_merge_blame_file/debug/manifest-merger-blame-debug-report.txt
1<?xml version="1.0" encoding="utf-8"?>
2<manifest xmlns:android="http://schemas.android.com/apk/res/android"
3    package="com.qualud.soundcollect"
4    android:versionCode="1"
5    android:versionName="1.0" >
6
7    <uses-sdk
8        android:minSdkVersion="22"
9        android:targetSdkVersion="34" />
10
11    <!-- Permissions -->
<<<<<<< Updated upstream
12
13    <uses-permission android:name="android.permission.INTERNET" />
13-->src/main/AndroidManifest.xml:44:5-67
13-->src/main/AndroidManifest.xml:44:22-64
=======
12    <uses-permission android:name="android.permission.INTERNET" />
12-->src/main/AndroidManifest.xml:41:5-67
12-->src/main/AndroidManifest.xml:41:22-64
13    <uses-permission android:name="android.permission.RECORD_AUDIO" />
13-->src/main/AndroidManifest.xml:42:5-71
13-->src/main/AndroidManifest.xml:42:22-68
>>>>>>> Stashed changes
14
15    <queries>
15-->[:capacitor-browser] AndroidManifest.xml:7:5-11:15
16        <intent>
16-->[:capacitor-browser] AndroidManifest.xml:8:9-10:18
17            <action android:name="android.support.customtabs.action.CustomTabsService" />
17-->[:capacitor-browser] AndroidManifest.xml:9:13-90
17-->[:capacitor-browser] AndroidManifest.xml:9:21-87
18        </intent>
19        <intent>
19-->[:capacitor-camera] AndroidManifest.xml:8:9-10:18
20            <action android:name="android.media.action.IMAGE_CAPTURE" />
20-->[:capacitor-camera] AndroidManifest.xml:9:13-73
20-->[:capacitor-camera] AndroidManifest.xml:9:21-70
21        </intent> <!-- Needs to be explicitly declared on Android R+ -->
22        <package android:name="com.google.android.apps.maps" />
22-->[com.google.android.gms:play-services-maps:19.0.0] AndroidManifest.xml:33:9-64
22-->[com.google.android.gms:play-services-maps:19.0.0] AndroidManifest.xml:33:18-61
23    </queries>
24
25    <uses-permission android:name="android.permission.VIBRATE" />
25-->[:capacitor-haptics] AndroidManifest.xml:7:5-66
25-->[:capacitor-haptics] AndroidManifest.xml:7:22-63
26    <uses-permission android:name="android.permission.ACCESS_COARSE_LOCATION" />
26-->[:capacitor-cordova-android-plugins] AndroidManifest.xml:8:5-81
26-->[:capacitor-cordova-android-plugins] AndroidManifest.xml:8:22-78
27    <uses-permission android:name="android.permission.ACCESS_FINE_LOCATION" />
27-->[:capacitor-cordova-android-plugins] AndroidManifest.xml:9:5-79
27-->[:capacitor-cordova-android-plugins] AndroidManifest.xml:9:22-76
28
29    <uses-feature
29-->[:capacitor-cordova-android-plugins] AndroidManifest.xml:11:5-13:35
30        android:name="android.hardware.location.gps"
30-->[:capacitor-cordova-android-plugins] AndroidManifest.xml:12:9-53
31        android:required="true" />
31-->[:capacitor-cordova-android-plugins] AndroidManifest.xml:13:9-32
32
33    <uses-permission android:name="android.permission.ACCESS_NETWORK_STATE" />
33-->[:capacitor-cordova-android-plugins] AndroidManifest.xml:16:5-79
33-->[:capacitor-cordova-android-plugins] AndroidManifest.xml:16:22-76
34    <uses-permission android:name="android.permission.READ_PHONE_STATE" />
34-->[:capacitor-cordova-android-plugins] AndroidManifest.xml:17:5-75
34-->[:capacitor-cordova-android-plugins] AndroidManifest.xml:17:22-72
35    <uses-permission android:name="android.permission.BLUETOOTH" />
35-->[:capacitor-cordova-android-plugins] AndroidManifest.xml:18:5-68
35-->[:capacitor-cordova-android-plugins] AndroidManifest.xml:18:22-65
36
37    <uses-feature
37-->[com.google.android.gms:play-services-maps:19.0.0] AndroidManifest.xml:26:5-28:35
38        android:glEsVersion="0x00020000"
38-->[com.google.android.gms:play-services-maps:19.0.0] AndroidManifest.xml:27:9-41
39        android:required="true" />
39-->[com.google.android.gms:play-services-maps:19.0.0] AndroidManifest.xml:28:9-32
40
41    <permission
41-->[androidx.core:core:1.12.0] AndroidManifest.xml:22:5-24:47
42        android:name="com.qualud.soundcollect.DYNAMIC_RECEIVER_NOT_EXPORTED_PERMISSION"
42-->[androidx.core:core:1.12.0] AndroidManifest.xml:23:9-81
43        android:protectionLevel="signature" />
43-->[androidx.core:core:1.12.0] AndroidManifest.xml:24:9-44
44
45    <uses-permission android:name="com.qualud.soundcollect.DYNAMIC_RECEIVER_NOT_EXPORTED_PERMISSION" />
45-->[androidx.core:core:1.12.0] AndroidManifest.xml:26:5-97
45-->[androidx.core:core:1.12.0] AndroidManifest.xml:26:22-94
46
47    <application
47-->src/main/AndroidManifest.xml:4:5-40:19
48        android:allowBackup="true"
48-->src/main/AndroidManifest.xml:5:9-35
49        android:appComponentFactory="androidx.core.app.CoreComponentFactory"
49-->[androidx.core:core:1.12.0] AndroidManifest.xml:28:18-86
50        android:debuggable="true"
51        android:extractNativeLibs="true"
52        android:icon="@mipmap/ic_launcher"
52-->src/main/AndroidManifest.xml:6:9-43
53        android:label="@string/app_name"
53-->src/main/AndroidManifest.xml:7:9-41
54        android:roundIcon="@mipmap/ic_launcher_round"
54-->src/main/AndroidManifest.xml:8:9-54
55        android:supportsRtl="true"
<<<<<<< Updated upstream
55-->src/main/AndroidManifest.xml:9:9-35
56        android:testOnly="true"
57        android:theme="@style/AppTheme" >
57-->src/main/AndroidManifest.xml:10:9-40
58        <activity
58-->src/main/AndroidManifest.xml:12:9-25:20
59            android:name="com.qualud.soundcollect.MainActivity"
59-->src/main/AndroidManifest.xml:14:13-41
60            android:configChanges="orientation|keyboardHidden|keyboard|screenSize|locale|smallestScreenSize|screenLayout|uiMode"
60-->src/main/AndroidManifest.xml:13:13-129
61            android:exported="true"
61-->src/main/AndroidManifest.xml:18:13-36
62            android:label="@string/title_activity_main"
62-->src/main/AndroidManifest.xml:15:13-56
63            android:launchMode="singleTask"
63-->src/main/AndroidManifest.xml:17:13-44
64            android:theme="@style/AppTheme.NoActionBarLaunch" >
64-->src/main/AndroidManifest.xml:16:13-62
65            <intent-filter>
65-->src/main/AndroidManifest.xml:20:13-23:29
66                <action android:name="android.intent.action.MAIN" />
66-->src/main/AndroidManifest.xml:21:17-69
66-->src/main/AndroidManifest.xml:21:25-66
67
68                <category android:name="android.intent.category.LAUNCHER" />
68-->src/main/AndroidManifest.xml:22:17-77
68-->src/main/AndroidManifest.xml:22:27-74
69            </intent-filter>
70        </activity>
71
72        <provider
73            android:name="androidx.core.content.FileProvider"
73-->src/main/AndroidManifest.xml:28:13-62
74            android:authorities="com.qualud.soundcollect.fileprovider"
74-->src/main/AndroidManifest.xml:29:13-64
75            android:exported="false"
75-->src/main/AndroidManifest.xml:30:13-37
76            android:grantUriPermissions="true" >
76-->src/main/AndroidManifest.xml:31:13-47
77            <meta-data
77-->src/main/AndroidManifest.xml:32:13-34:64
78                android:name="android.support.FILE_PROVIDER_PATHS"
78-->src/main/AndroidManifest.xml:33:17-67
79                android:resource="@xml/file_paths" />
79-->src/main/AndroidManifest.xml:34:17-51
80        </provider>
81
82        <meta-data
82-->src/main/AndroidManifest.xml:37:9-39:71
83            android:name="com.google.android.geo.API_KEY"
83-->src/main/AndroidManifest.xml:38:13-58
84            android:value="AIzaSyAv9L4QUQYplK9TOdNavuFFmmQgiwVETT0" />
84-->src/main/AndroidManifest.xml:39:13-68
85
86        <activity
86-->[:capacitor-browser] AndroidManifest.xml:14:9-18:75
87            android:name="com.capacitorjs.plugins.browser.BrowserControllerActivity"
87-->[:capacitor-browser] AndroidManifest.xml:15:13-85
88            android:exported="false"
88-->[:capacitor-browser] AndroidManifest.xml:16:13-37
89            android:launchMode="singleTask"
89-->[:capacitor-browser] AndroidManifest.xml:17:13-44
90            android:theme="@android:style/Theme.Translucent.NoTitleBar" />
90-->[:capacitor-browser] AndroidManifest.xml:18:13-72
91
92        <meta-data
92-->[com.google.maps.android:android-maps-utils:3.8.2] AndroidManifest.xml:8:9-10:69
93            android:name="com.google.android.gms.version"
93-->[com.google.maps.android:android-maps-utils:3.8.2] AndroidManifest.xml:9:13-58
94            android:value="@integer/google_play_services_version" /> <!-- Needs to be explicitly declared on P+ -->
94-->[com.google.maps.android:android-maps-utils:3.8.2] AndroidManifest.xml:10:13-66
95        <uses-library
95-->[com.google.android.gms:play-services-maps:19.0.0] AndroidManifest.xml:39:9-41:40
96            android:name="org.apache.http.legacy"
96-->[com.google.android.gms:play-services-maps:19.0.0] AndroidManifest.xml:40:13-50
97            android:required="false" />
97-->[com.google.android.gms:play-services-maps:19.0.0] AndroidManifest.xml:41:13-37
98
99        <activity
99-->[com.google.android.gms:play-services-base:18.5.0] AndroidManifest.xml:5:9-173
100            android:name="com.google.android.gms.common.api.GoogleApiActivity"
100-->[com.google.android.gms:play-services-base:18.5.0] AndroidManifest.xml:5:19-85
101            android:exported="false"
101-->[com.google.android.gms:play-services-base:18.5.0] AndroidManifest.xml:5:146-170
102            android:theme="@android:style/Theme.Translucent.NoTitleBar" />
102-->[com.google.android.gms:play-services-base:18.5.0] AndroidManifest.xml:5:86-145
103
104        <provider
104-->[androidx.emoji2:emoji2:1.2.0] AndroidManifest.xml:24:9-32:20
105            android:name="androidx.startup.InitializationProvider"
105-->[androidx.emoji2:emoji2:1.2.0] AndroidManifest.xml:25:13-67
106            android:authorities="com.qualud.soundcollect.androidx-startup"
106-->[androidx.emoji2:emoji2:1.2.0] AndroidManifest.xml:26:13-68
107            android:exported="false" >
107-->[androidx.emoji2:emoji2:1.2.0] AndroidManifest.xml:27:13-37
108            <meta-data
108-->[androidx.emoji2:emoji2:1.2.0] AndroidManifest.xml:29:13-31:52
109                android:name="androidx.emoji2.text.EmojiCompatInitializer"
109-->[androidx.emoji2:emoji2:1.2.0] AndroidManifest.xml:30:17-75
110                android:value="androidx.startup" />
110-->[androidx.emoji2:emoji2:1.2.0] AndroidManifest.xml:31:17-49
111            <meta-data
111-->[androidx.lifecycle:lifecycle-process:2.6.1] AndroidManifest.xml:29:13-31:52
112                android:name="androidx.lifecycle.ProcessLifecycleInitializer"
112-->[androidx.lifecycle:lifecycle-process:2.6.1] AndroidManifest.xml:30:17-78
113                android:value="androidx.startup" />
113-->[androidx.lifecycle:lifecycle-process:2.6.1] AndroidManifest.xml:31:17-49
114            <meta-data
114-->[androidx.profileinstaller:profileinstaller:1.3.0] AndroidManifest.xml:29:13-31:52
115                android:name="androidx.profileinstaller.ProfileInstallerInitializer"
115-->[androidx.profileinstaller:profileinstaller:1.3.0] AndroidManifest.xml:30:17-85
116                android:value="androidx.startup" />
116-->[androidx.profileinstaller:profileinstaller:1.3.0] AndroidManifest.xml:31:17-49
117        </provider>
118
119        <receiver
119-->[androidx.profileinstaller:profileinstaller:1.3.0] AndroidManifest.xml:34:9-52:20
120            android:name="androidx.profileinstaller.ProfileInstallReceiver"
120-->[androidx.profileinstaller:profileinstaller:1.3.0] AndroidManifest.xml:35:13-76
121            android:directBootAware="false"
121-->[androidx.profileinstaller:profileinstaller:1.3.0] AndroidManifest.xml:36:13-44
122            android:enabled="true"
122-->[androidx.profileinstaller:profileinstaller:1.3.0] AndroidManifest.xml:37:13-35
123            android:exported="true"
123-->[androidx.profileinstaller:profileinstaller:1.3.0] AndroidManifest.xml:38:13-36
124            android:permission="android.permission.DUMP" >
124-->[androidx.profileinstaller:profileinstaller:1.3.0] AndroidManifest.xml:39:13-57
125            <intent-filter>
125-->[androidx.profileinstaller:profileinstaller:1.3.0] AndroidManifest.xml:40:13-42:29
126                <action android:name="androidx.profileinstaller.action.INSTALL_PROFILE" />
126-->[androidx.profileinstaller:profileinstaller:1.3.0] AndroidManifest.xml:41:17-91
126-->[androidx.profileinstaller:profileinstaller:1.3.0] AndroidManifest.xml:41:25-88
127            </intent-filter>
128            <intent-filter>
128-->[androidx.profileinstaller:profileinstaller:1.3.0] AndroidManifest.xml:43:13-45:29
129                <action android:name="androidx.profileinstaller.action.SKIP_FILE" />
129-->[androidx.profileinstaller:profileinstaller:1.3.0] AndroidManifest.xml:44:17-85
129-->[androidx.profileinstaller:profileinstaller:1.3.0] AndroidManifest.xml:44:25-82
130            </intent-filter>
131            <intent-filter>
131-->[androidx.profileinstaller:profileinstaller:1.3.0] AndroidManifest.xml:46:13-48:29
132                <action android:name="androidx.profileinstaller.action.SAVE_PROFILE" />
132-->[androidx.profileinstaller:profileinstaller:1.3.0] AndroidManifest.xml:47:17-88
132-->[androidx.profileinstaller:profileinstaller:1.3.0] AndroidManifest.xml:47:25-85
133            </intent-filter>
134            <intent-filter>
134-->[androidx.profileinstaller:profileinstaller:1.3.0] AndroidManifest.xml:49:13-51:29
135                <action android:name="androidx.profileinstaller.action.BENCHMARK_OPERATION" />
135-->[androidx.profileinstaller:profileinstaller:1.3.0] AndroidManifest.xml:50:17-95
135-->[androidx.profileinstaller:profileinstaller:1.3.0] AndroidManifest.xml:50:25-92
136            </intent-filter>
137        </receiver>
138    </application>
139
140</manifest>
=======
55-->src/main/AndroidManifest.xml:8:9-35
56        android:testOnly="true"
57        android:theme="@style/AppTheme" >
57-->src/main/AndroidManifest.xml:9:9-40
58        <activity
58-->src/main/AndroidManifest.xml:10:9-24:20
59            android:name="com.qualud.soundcollect.MainActivity"
59-->src/main/AndroidManifest.xml:12:13-41
60            android:configChanges="orientation|keyboardHidden|keyboard|screenSize|locale|smallestScreenSize|screenLayout|uiMode"
60-->src/main/AndroidManifest.xml:11:13-129
61            android:exported="true"
61-->src/main/AndroidManifest.xml:16:13-36
62            android:label="@string/title_activity_main"
62-->src/main/AndroidManifest.xml:13:13-56
63            android:launchMode="singleTask"
63-->src/main/AndroidManifest.xml:15:13-44
64            android:navigationBarColor="#206A71"
64-->src/main/AndroidManifest.xml:18:13-49
65            android:statusBarColor="#206A71"
65-->src/main/AndroidManifest.xml:17:13-45
66            android:theme="@style/Theme.AppCompat.Light.DarkActionBar" >
66-->src/main/AndroidManifest.xml:14:13-71
67            <intent-filter>
67-->src/main/AndroidManifest.xml:20:13-23:29
68                <action android:name="android.intent.action.MAIN" />
68-->src/main/AndroidManifest.xml:21:17-69
68-->src/main/AndroidManifest.xml:21:25-66
69
70                <category android:name="android.intent.category.LAUNCHER" />
70-->src/main/AndroidManifest.xml:22:17-77
70-->src/main/AndroidManifest.xml:22:27-74
71            </intent-filter>
72        </activity>
73
74        <provider
75            android:name="androidx.core.content.FileProvider"
75-->src/main/AndroidManifest.xml:27:13-62
76            android:authorities="com.qualud.soundcollect.fileprovider"
76-->src/main/AndroidManifest.xml:28:13-64
77            android:exported="false"
77-->src/main/AndroidManifest.xml:29:13-37
78            android:grantUriPermissions="true" >
78-->src/main/AndroidManifest.xml:30:13-47
79            <meta-data
79-->src/main/AndroidManifest.xml:31:13-112
80                android:name="android.support.FILE_PROVIDER_PATHS"
80-->src/main/AndroidManifest.xml:31:24-74
81                android:resource="@xml/file_paths" />
81-->src/main/AndroidManifest.xml:31:75-109
82        </provider>
83
84        <meta-data
84-->src/main/AndroidManifest.xml:34:9-37:11
85            android:name="com.google.android.geo.API_KEY"
85-->src/main/AndroidManifest.xml:35:13-58
86            android:value="AIzaSyAv9L4QUQYplK9TOdNavuFFmmQgiwVETT0" />
86-->src/main/AndroidManifest.xml:36:13-68
87
88        <activity
88-->[:capacitor-browser] AndroidManifest.xml:14:9-18:75
89            android:name="com.capacitorjs.plugins.browser.BrowserControllerActivity"
89-->[:capacitor-browser] AndroidManifest.xml:15:13-85
90            android:exported="false"
90-->[:capacitor-browser] AndroidManifest.xml:16:13-37
91            android:launchMode="singleTask"
91-->[:capacitor-browser] AndroidManifest.xml:17:13-44
92            android:theme="@android:style/Theme.Translucent.NoTitleBar" />
92-->[:capacitor-browser] AndroidManifest.xml:18:13-72
93
94        <meta-data
94-->[com.google.maps.android:android-maps-utils:3.8.2] AndroidManifest.xml:8:9-10:69
95            android:name="com.google.android.gms.version"
95-->[com.google.maps.android:android-maps-utils:3.8.2] AndroidManifest.xml:9:13-58
96            android:value="@integer/google_play_services_version" /> <!-- Needs to be explicitly declared on P+ -->
96-->[com.google.maps.android:android-maps-utils:3.8.2] AndroidManifest.xml:10:13-66
97        <uses-library
97-->[com.google.android.gms:play-services-maps:19.0.0] AndroidManifest.xml:39:9-41:40
98            android:name="org.apache.http.legacy"
98-->[com.google.android.gms:play-services-maps:19.0.0] AndroidManifest.xml:40:13-50
99            android:required="false" />
99-->[com.google.android.gms:play-services-maps:19.0.0] AndroidManifest.xml:41:13-37
100
101        <activity
101-->[com.google.android.gms:play-services-base:18.5.0] AndroidManifest.xml:5:9-173
102            android:name="com.google.android.gms.common.api.GoogleApiActivity"
102-->[com.google.android.gms:play-services-base:18.5.0] AndroidManifest.xml:5:19-85
103            android:exported="false"
103-->[com.google.android.gms:play-services-base:18.5.0] AndroidManifest.xml:5:146-170
104            android:theme="@android:style/Theme.Translucent.NoTitleBar" />
104-->[com.google.android.gms:play-services-base:18.5.0] AndroidManifest.xml:5:86-145
105
106        <provider
106-->[androidx.emoji2:emoji2:1.2.0] AndroidManifest.xml:24:9-32:20
107            android:name="androidx.startup.InitializationProvider"
107-->[androidx.emoji2:emoji2:1.2.0] AndroidManifest.xml:25:13-67
108            android:authorities="com.qualud.soundcollect.androidx-startup"
108-->[androidx.emoji2:emoji2:1.2.0] AndroidManifest.xml:26:13-68
109            android:exported="false" >
109-->[androidx.emoji2:emoji2:1.2.0] AndroidManifest.xml:27:13-37
110            <meta-data
110-->[androidx.emoji2:emoji2:1.2.0] AndroidManifest.xml:29:13-31:52
111                android:name="androidx.emoji2.text.EmojiCompatInitializer"
111-->[androidx.emoji2:emoji2:1.2.0] AndroidManifest.xml:30:17-75
112                android:value="androidx.startup" />
112-->[androidx.emoji2:emoji2:1.2.0] AndroidManifest.xml:31:17-49
113            <meta-data
113-->[androidx.lifecycle:lifecycle-process:2.6.1] AndroidManifest.xml:29:13-31:52
114                android:name="androidx.lifecycle.ProcessLifecycleInitializer"
114-->[androidx.lifecycle:lifecycle-process:2.6.1] AndroidManifest.xml:30:17-78
115                android:value="androidx.startup" />
115-->[androidx.lifecycle:lifecycle-process:2.6.1] AndroidManifest.xml:31:17-49
116            <meta-data
116-->[androidx.profileinstaller:profileinstaller:1.3.0] AndroidManifest.xml:29:13-31:52
117                android:name="androidx.profileinstaller.ProfileInstallerInitializer"
117-->[androidx.profileinstaller:profileinstaller:1.3.0] AndroidManifest.xml:30:17-85
118                android:value="androidx.startup" />
118-->[androidx.profileinstaller:profileinstaller:1.3.0] AndroidManifest.xml:31:17-49
119        </provider>
120
121        <receiver
121-->[androidx.profileinstaller:profileinstaller:1.3.0] AndroidManifest.xml:34:9-52:20
122            android:name="androidx.profileinstaller.ProfileInstallReceiver"
122-->[androidx.profileinstaller:profileinstaller:1.3.0] AndroidManifest.xml:35:13-76
123            android:directBootAware="false"
123-->[androidx.profileinstaller:profileinstaller:1.3.0] AndroidManifest.xml:36:13-44
124            android:enabled="true"
124-->[androidx.profileinstaller:profileinstaller:1.3.0] AndroidManifest.xml:37:13-35
125            android:exported="true"
125-->[androidx.profileinstaller:profileinstaller:1.3.0] AndroidManifest.xml:38:13-36
126            android:permission="android.permission.DUMP" >
126-->[androidx.profileinstaller:profileinstaller:1.3.0] AndroidManifest.xml:39:13-57
127            <intent-filter>
127-->[androidx.profileinstaller:profileinstaller:1.3.0] AndroidManifest.xml:40:13-42:29
128                <action android:name="androidx.profileinstaller.action.INSTALL_PROFILE" />
128-->[androidx.profileinstaller:profileinstaller:1.3.0] AndroidManifest.xml:41:17-91
128-->[androidx.profileinstaller:profileinstaller:1.3.0] AndroidManifest.xml:41:25-88
129            </intent-filter>
130            <intent-filter>
130-->[androidx.profileinstaller:profileinstaller:1.3.0] AndroidManifest.xml:43:13-45:29
131                <action android:name="androidx.profileinstaller.action.SKIP_FILE" />
131-->[androidx.profileinstaller:profileinstaller:1.3.0] AndroidManifest.xml:44:17-85
131-->[androidx.profileinstaller:profileinstaller:1.3.0] AndroidManifest.xml:44:25-82
132            </intent-filter>
133            <intent-filter>
133-->[androidx.profileinstaller:profileinstaller:1.3.0] AndroidManifest.xml:46:13-48:29
134                <action android:name="androidx.profileinstaller.action.SAVE_PROFILE" />
134-->[androidx.profileinstaller:profileinstaller:1.3.0] AndroidManifest.xml:47:17-88
134-->[androidx.profileinstaller:profileinstaller:1.3.0] AndroidManifest.xml:47:25-85
135            </intent-filter>
136            <intent-filter>
136-->[androidx.profileinstaller:profileinstaller:1.3.0] AndroidManifest.xml:49:13-51:29
137                <action android:name="androidx.profileinstaller.action.BENCHMARK_OPERATION" />
137-->[androidx.profileinstaller:profileinstaller:1.3.0] AndroidManifest.xml:50:17-95
137-->[androidx.profileinstaller:profileinstaller:1.3.0] AndroidManifest.xml:50:25-92
138            </intent-filter>
139        </receiver>
140    </application>
141
142</manifest>
>>>>>>> Stashed changes